{"/home/evgenskiy/livecodding/frontend-project-46/src/compareFiles.js": {"path":"/home/evgenskiy/livecodding/frontend-project-46/src/compareFiles.js","all":false,"statementMap":{"0":{"start":{"line":1,"column":0},"end":{"line":1,"column":47}},"1":{"start":{"line":2,"column":0},"end":{"line":2,"column":38}},"2":{"start":{"line":3,"column":0},"end":{"line":3,"column":33}},"3":{"start":{"line":4,"column":0},"end":{"line":4,"column":37}},"4":{"start":{"line":5,"column":0},"end":{"line":5,"column":47}},"5":{"start":{"line":6,"column":0},"end":{"line":6,"column":0}},"6":{"start":{"line":7,"column":0},"end":{"line":7,"column":31}},"7":{"start":{"line":8,"column":0},"end":{"line":8,"column":34}},"8":{"start":{"line":9,"column":0},"end":{"line":9,"column":41}},"9":{"start":{"line":10,"column":0},"end":{"line":10,"column":29}},"10":{"start":{"line":11,"column":0},"end":{"line":11,"column":2}},"11":{"start":{"line":12,"column":0},"end":{"line":12,"column":0}},"12":{"start":{"line":13,"column":0},"end":{"line":13,"column":72}},"13":{"start":{"line":14,"column":0},"end":{"line":14,"column":41}},"14":{"start":{"line":15,"column":0},"end":{"line":15,"column":41}},"15":{"start":{"line":16,"column":0},"end":{"line":16,"column":51}},"16":{"start":{"line":17,"column":0},"end":{"line":17,"column":38}},"17":{"start":{"line":18,"column":0},"end":{"line":18,"column":2}},"18":{"start":{"line":19,"column":0},"end":{"line":19,"column":0}},"19":{"start":{"line":20,"column":0},"end":{"line":20,"column":28}}},"s":{"0":1,"1":1,"2":1,"3":1,"4":1,"5":1,"6":1,"7":8,"8":8,"9":8,"10":8,"11":1,"12":1,"13":4,"14":4,"15":4,"16":4,"17":4,"18":1,"19":1},"branchMap":{"0":{"type":"branch","line":7,"loc":{"start":{"line":7,"column":17},"end":{"line":11,"column":2}},"locations":[{"start":{"line":7,"column":17},"end":{"line":11,"column":2}}]},"1":{"type":"branch","line":13,"loc":{"start":{"line":13,"column":21},"end":{"line":18,"column":2}},"locations":[{"start":{"line":13,"column":21},"end":{"line":18,"column":2}}]}},"b":{"0":[8],"1":[4]},"fnMap":{"0":{"name":"getData","decl":{"start":{"line":7,"column":17},"end":{"line":11,"column":2}},"loc":{"start":{"line":7,"column":17},"end":{"line":11,"column":2}},"line":7},"1":{"name":"compareFiles","decl":{"start":{"line":13,"column":21},"end":{"line":18,"column":2}},"loc":{"start":{"line":13,"column":21},"end":{"line":18,"column":2}},"line":13}},"f":{"0":8,"1":4}}
,"/home/evgenskiy/livecodding/frontend-project-46/src/getFileFormat.js": {"path":"/home/evgenskiy/livecodding/frontend-project-46/src/getFileFormat.js","all":false,"statementMap":{"0":{"start":{"line":1,"column":0},"end":{"line":1,"column":29}},"1":{"start":{"line":2,"column":0},"end":{"line":2,"column":0}},"2":{"start":{"line":3,"column":0},"end":{"line":3,"column":44}}},"s":{"0":1,"1":1,"2":1},"branchMap":{"0":{"type":"branch","line":3,"loc":{"start":{"line":3,"column":16},"end":{"line":3,"column":43}},"locations":[{"start":{"line":3,"column":16},"end":{"line":3,"column":43}}]}},"b":{"0":[8]},"fnMap":{"0":{"name":"default","decl":{"start":{"line":3,"column":16},"end":{"line":3,"column":43}},"loc":{"start":{"line":3,"column":16},"end":{"line":3,"column":43}},"line":3}},"f":{"0":8}}
,"/home/evgenskiy/livecodding/frontend-project-46/src/makeTree.js": {"path":"/home/evgenskiy/livecodding/frontend-project-46/src/makeTree.js","all":false,"statementMap":{"0":{"start":{"line":1,"column":0},"end":{"line":1,"column":23}},"1":{"start":{"line":2,"column":0},"end":{"line":2,"column":0}},"2":{"start":{"line":3,"column":0},"end":{"line":3,"column":47}},"3":{"start":{"line":4,"column":0},"end":{"line":4,"column":83}},"4":{"start":{"line":5,"column":0},"end":{"line":5,"column":16}},"5":{"start":{"line":6,"column":0},"end":{"line":6,"column":3}},"6":{"start":{"line":7,"column":0},"end":{"line":7,"column":15}},"7":{"start":{"line":8,"column":0},"end":{"line":8,"column":2}},"8":{"start":{"line":9,"column":0},"end":{"line":9,"column":0}},"9":{"start":{"line":10,"column":0},"end":{"line":10,"column":60}},"10":{"start":{"line":11,"column":0},"end":{"line":11,"column":45}},"11":{"start":{"line":12,"column":0},"end":{"line":12,"column":12}},"12":{"start":{"line":13,"column":0},"end":{"line":13,"column":43}},"13":{"start":{"line":14,"column":0},"end":{"line":14,"column":6}},"14":{"start":{"line":15,"column":0},"end":{"line":15,"column":3}},"15":{"start":{"line":16,"column":0},"end":{"line":16,"column":33}},"16":{"start":{"line":17,"column":0},"end":{"line":17,"column":2}},"17":{"start":{"line":18,"column":0},"end":{"line":18,"column":0}},"18":{"start":{"line":19,"column":0},"end":{"line":19,"column":71}},"19":{"start":{"line":20,"column":0},"end":{"line":20,"column":52}},"20":{"start":{"line":21,"column":0},"end":{"line":21,"column":44}},"21":{"start":{"line":22,"column":0},"end":{"line":22,"column":44}},"22":{"start":{"line":23,"column":0},"end":{"line":23,"column":76}},"23":{"start":{"line":24,"column":0},"end":{"line":24,"column":43}},"24":{"start":{"line":25,"column":0},"end":{"line":25,"column":80}},"25":{"start":{"line":26,"column":0},"end":{"line":26,"column":3}},"26":{"start":{"line":27,"column":0},"end":{"line":27,"column":58}},"27":{"start":{"line":28,"column":0},"end":{"line":28,"column":58}},"28":{"start":{"line":29,"column":0},"end":{"line":29,"column":56}},"29":{"start":{"line":30,"column":0},"end":{"line":30,"column":57}},"30":{"start":{"line":31,"column":0},"end":{"line":31,"column":73}},"31":{"start":{"line":32,"column":0},"end":{"line":32,"column":33}},"32":{"start":{"line":33,"column":0},"end":{"line":33,"column":56}},"33":{"start":{"line":34,"column":0},"end":{"line":34,"column":3}},"34":{"start":{"line":35,"column":0},"end":{"line":35,"column":52}},"35":{"start":{"line":36,"column":0},"end":{"line":36,"column":3}},"36":{"start":{"line":37,"column":0},"end":{"line":37,"column":0}},"37":{"start":{"line":38,"column":0},"end":{"line":38,"column":49}},"38":{"start":{"line":39,"column":0},"end":{"line":39,"column":75}},"39":{"start":{"line":40,"column":0},"end":{"line":40,"column":38}},"40":{"start":{"line":41,"column":0},"end":{"line":41,"column":63}},"41":{"start":{"line":42,"column":0},"end":{"line":42,"column":41}},"42":{"start":{"line":43,"column":0},"end":{"line":43,"column":14}},"43":{"start":{"line":44,"column":0},"end":{"line":44,"column":2}},"44":{"start":{"line":45,"column":0},"end":{"line":45,"column":0}},"45":{"start":{"line":46,"column":0},"end":{"line":46,"column":25}}},"s":{"0":1,"1":1,"2":1,"3":72,"4":16,"5":16,"6":56,"7":56,"8":1,"9":1,"10":76,"11":56,"12":56,"13":56,"14":56,"15":20,"16":20,"17":1,"18":1,"19":72,"20":16,"21":16,"22":16,"23":16,"24":16,"25":16,"26":72,"27":12,"28":72,"29":72,"30":16,"31":72,"32":8,"33":8,"34":20,"35":1,"36":1,"37":1,"38":4,"39":4,"40":4,"41":4,"42":4,"43":4,"44":1,"45":1},"branchMap":{"0":{"type":"branch","line":3,"loc":{"start":{"line":3,"column":22},"end":{"line":8,"column":2}},"locations":[{"start":{"line":3,"column":22},"end":{"line":8,"column":2}}]},"1":{"type":"branch","line":4,"loc":{"start":{"line":4,"column":41},"end":{"line":4,"column":80}},"locations":[{"start":{"line":4,"column":41},"end":{"line":4,"column":80}}]},"2":{"type":"branch","line":4,"loc":{"start":{"line":4,"column":82},"end":{"line":6,"column":3}},"locations":[{"start":{"line":4,"column":82},"end":{"line":6,"column":3}}]},"3":{"type":"branch","line":6,"loc":{"start":{"line":6,"column":2},"end":{"line":8,"column":2}},"locations":[{"start":{"line":6,"column":2},"end":{"line":8,"column":2}}]},"4":{"type":"branch","line":10,"loc":{"start":{"line":10,"column":17},"end":{"line":17,"column":2}},"locations":[{"start":{"line":10,"column":17},"end":{"line":17,"column":2}}]},"5":{"type":"branch","line":11,"loc":{"start":{"line":11,"column":23},"end":{"line":11,"column":42}},"locations":[{"start":{"line":11,"column":23},"end":{"line":11,"column":42}}]},"6":{"type":"branch","line":11,"loc":{"start":{"line":11,"column":44},"end":{"line":15,"column":3}},"locations":[{"start":{"line":11,"column":44},"end":{"line":15,"column":3}}]},"7":{"type":"branch","line":15,"loc":{"start":{"line":15,"column":2},"end":{"line":17,"column":2}},"locations":[{"start":{"line":15,"column":2},"end":{"line":17,"column":2}}]},"8":{"type":"branch","line":19,"loc":{"start":{"line":19,"column":17},"end":{"line":36,"column":2}},"locations":[{"start":{"line":19,"column":17},"end":{"line":36,"column":2}}]},"9":{"type":"branch","line":19,"loc":{"start":{"line":19,"column":63},"end":{"line":36,"column":2}},"locations":[{"start":{"line":19,"column":63},"end":{"line":36,"column":2}}]},"10":{"type":"branch","line":20,"loc":{"start":{"line":20,"column":51},"end":{"line":26,"column":3}},"locations":[{"start":{"line":20,"column":51},"end":{"line":26,"column":3}}]},"11":{"type":"branch","line":26,"loc":{"start":{"line":26,"column":2},"end":{"line":27,"column":57}},"locations":[{"start":{"line":26,"column":2},"end":{"line":27,"column":57}}]},"12":{"type":"branch","line":27,"loc":{"start":{"line":27,"column":57},"end":{"line":29,"column":4}},"locations":[{"start":{"line":27,"column":57},"end":{"line":29,"column":4}}]},"13":{"type":"branch","line":29,"loc":{"start":{"line":29,"column":2},"end":{"line":29,"column":34}},"locations":[{"start":{"line":29,"column":2},"end":{"line":29,"column":34}}]},"14":{"type":"branch","line":29,"loc":{"start":{"line":29,"column":30},"end":{"line":29,"column":56}},"locations":[{"start":{"line":29,"column":30},"end":{"line":29,"column":56}}]},"15":{"type":"branch","line":30,"loc":{"start":{"line":30,"column":-1},"end":{"line":30,"column":54}},"locations":[{"start":{"line":30,"column":-1},"end":{"line":30,"column":54}}]},"16":{"type":"branch","line":30,"loc":{"start":{"line":30,"column":56},"end":{"line":32,"column":4}},"locations":[{"start":{"line":30,"column":56},"end":{"line":32,"column":4}}]},"17":{"type":"branch","line":32,"loc":{"start":{"line":32,"column":2},"end":{"line":32,"column":32}},"locations":[{"start":{"line":32,"column":2},"end":{"line":32,"column":32}}]},"18":{"type":"branch","line":32,"loc":{"start":{"line":32,"column":32},"end":{"line":34,"column":3}},"locations":[{"start":{"line":32,"column":32},"end":{"line":34,"column":3}}]},"19":{"type":"branch","line":34,"loc":{"start":{"line":34,"column":2},"end":{"line":36,"column":2}},"locations":[{"start":{"line":34,"column":2},"end":{"line":36,"column":2}}]},"20":{"type":"branch","line":38,"loc":{"start":{"line":38,"column":18},"end":{"line":44,"column":2}},"locations":[{"start":{"line":38,"column":18},"end":{"line":44,"column":2}}]}},"b":{"0":[72],"1":[24],"2":[16],"3":[56],"4":[76],"5":[60],"6":[56],"7":[20],"8":[20],"9":[72],"10":[16],"11":[56],"12":[12],"13":[44],"14":[24],"15":[16],"16":[16],"17":[28],"18":[8],"19":[20],"20":[4]},"fnMap":{"0":{"name":"isValueObject","decl":{"start":{"line":3,"column":22},"end":{"line":8,"column":2}},"loc":{"start":{"line":3,"column":22},"end":{"line":8,"column":2}},"line":3},"1":{"name":"makeNode","decl":{"start":{"line":10,"column":17},"end":{"line":17,"column":2}},"loc":{"start":{"line":10,"column":17},"end":{"line":17,"column":2}},"line":10},"2":{"name":"makeTree","decl":{"start":{"line":19,"column":17},"end":{"line":36,"column":2}},"loc":{"start":{"line":19,"column":17},"end":{"line":36,"column":2}},"line":19},"3":{"name":"buildTree","decl":{"start":{"line":38,"column":18},"end":{"line":44,"column":2}},"loc":{"start":{"line":38,"column":18},"end":{"line":44,"column":2}},"line":38}},"f":{"0":72,"1":76,"2":20,"3":4}}
,"/home/evgenskiy/livecodding/frontend-project-46/src/parsers.js": {"path":"/home/evgenskiy/livecodding/frontend-project-46/src/parsers.js","all":false,"statementMap":{"0":{"start":{"line":1,"column":0},"end":{"line":1,"column":27}},"1":{"start":{"line":2,"column":0},"end":{"line":2,"column":0}},"2":{"start":{"line":3,"column":0},"end":{"line":3,"column":34}},"3":{"start":{"line":4,"column":0},"end":{"line":4,"column":19}},"4":{"start":{"line":5,"column":0},"end":{"line":5,"column":17}},"5":{"start":{"line":6,"column":0},"end":{"line":6,"column":30}},"6":{"start":{"line":7,"column":0},"end":{"line":7,"column":17}},"7":{"start":{"line":8,"column":0},"end":{"line":8,"column":29}},"8":{"start":{"line":9,"column":0},"end":{"line":9,"column":16}},"9":{"start":{"line":10,"column":0},"end":{"line":10,"column":29}},"10":{"start":{"line":11,"column":0},"end":{"line":11,"column":12}},"11":{"start":{"line":12,"column":0},"end":{"line":12,"column":62}},"12":{"start":{"line":13,"column":0},"end":{"line":13,"column":3}},"13":{"start":{"line":14,"column":0},"end":{"line":14,"column":2}}},"s":{"0":1,"1":1,"2":1,"3":8,"4":8,"5":6,"6":8,"7":2,"8":8,"9":0,"10":8,"11":0,"12":8,"13":8},"branchMap":{"0":{"type":"branch","line":3,"loc":{"start":{"line":3,"column":15},"end":{"line":14,"column":2}},"locations":[{"start":{"line":3,"column":15},"end":{"line":14,"column":2}}]},"1":{"type":"branch","line":5,"loc":{"start":{"line":5,"column":4},"end":{"line":6,"column":30}},"locations":[{"start":{"line":5,"column":4},"end":{"line":6,"column":30}}]},"2":{"type":"branch","line":7,"loc":{"start":{"line":7,"column":4},"end":{"line":8,"column":29}},"locations":[{"start":{"line":7,"column":4},"end":{"line":8,"column":29}}]},"3":{"type":"branch","line":9,"loc":{"start":{"line":9,"column":4},"end":{"line":10,"column":29}},"locations":[{"start":{"line":9,"column":4},"end":{"line":10,"column":29}}]},"4":{"type":"branch","line":11,"loc":{"start":{"line":11,"column":4},"end":{"line":12,"column":62}},"locations":[{"start":{"line":11,"column":4},"end":{"line":12,"column":62}}]}},"b":{"0":[8],"1":[6],"2":[2],"3":[0],"4":[0]},"fnMap":{"0":{"name":"default","decl":{"start":{"line":3,"column":15},"end":{"line":14,"column":2}},"loc":{"start":{"line":3,"column":15},"end":{"line":14,"column":2}},"line":3}},"f":{"0":8}}
,"/home/evgenskiy/livecodding/frontend-project-46/src/readFile.js": {"path":"/home/evgenskiy/livecodding/frontend-project-46/src/readFile.js","all":false,"statementMap":{"0":{"start":{"line":1,"column":0},"end":{"line":1,"column":29}},"1":{"start":{"line":2,"column":0},"end":{"line":2,"column":25}},"2":{"start":{"line":3,"column":0},"end":{"line":3,"column":0}},"3":{"start":{"line":4,"column":0},"end":{"line":4,"column":30}},"4":{"start":{"line":5,"column":0},"end":{"line":5,"column":73}},"5":{"start":{"line":6,"column":0},"end":{"line":6,"column":52}},"6":{"start":{"line":7,"column":0},"end":{"line":7,"column":14}},"7":{"start":{"line":8,"column":0},"end":{"line":8,"column":2}}},"s":{"0":1,"1":1,"2":1,"3":1,"4":8,"5":8,"6":8,"7":8},"branchMap":{"0":{"type":"branch","line":4,"loc":{"start":{"line":4,"column":16},"end":{"line":8,"column":2}},"locations":[{"start":{"line":4,"column":16},"end":{"line":8,"column":2}}]}},"b":{"0":[8]},"fnMap":{"0":{"name":"default","decl":{"start":{"line":4,"column":16},"end":{"line":8,"column":2}},"loc":{"start":{"line":4,"column":16},"end":{"line":8,"column":2}},"line":4}},"f":{"0":8}}
,"/home/evgenskiy/livecodding/frontend-project-46/src/formatters/index.js": {"path":"/home/evgenskiy/livecodding/frontend-project-46/src/formatters/index.js","all":false,"statementMap":{"0":{"start":{"line":1,"column":0},"end":{"line":1,"column":35}},"1":{"start":{"line":2,"column":0},"end":{"line":2,"column":31}},"2":{"start":{"line":3,"column":0},"end":{"line":3,"column":29}},"3":{"start":{"line":4,"column":0},"end":{"line":4,"column":0}},"4":{"start":{"line":5,"column":0},"end":{"line":5,"column":47}},"5":{"start":{"line":6,"column":0},"end":{"line":6,"column":31}},"6":{"start":{"line":7,"column":0},"end":{"line":7,"column":28}},"7":{"start":{"line":8,"column":0},"end":{"line":8,"column":32}},"8":{"start":{"line":9,"column":0},"end":{"line":9,"column":27}},"9":{"start":{"line":10,"column":0},"end":{"line":10,"column":35}},"10":{"start":{"line":11,"column":0},"end":{"line":11,"column":30}},"11":{"start":{"line":12,"column":0},"end":{"line":12,"column":3}},"12":{"start":{"line":13,"column":0},"end":{"line":13,"column":55}},"13":{"start":{"line":14,"column":0},"end":{"line":14,"column":2}},"14":{"start":{"line":15,"column":0},"end":{"line":15,"column":0}},"15":{"start":{"line":16,"column":0},"end":{"line":16,"column":26}}},"s":{"0":1,"1":1,"2":1,"3":1,"4":1,"5":4,"6":1,"7":4,"8":1,"9":4,"10":2,"11":2,"12":0,"13":0,"14":1,"15":1},"branchMap":{"0":{"type":"branch","line":5,"loc":{"start":{"line":5,"column":19},"end":{"line":14,"column":2}},"locations":[{"start":{"line":5,"column":19},"end":{"line":14,"column":2}}]},"1":{"type":"branch","line":6,"loc":{"start":{"line":6,"column":30},"end":{"line":8,"column":4}},"locations":[{"start":{"line":6,"column":30},"end":{"line":8,"column":4}}]},"2":{"type":"branch","line":8,"loc":{"start":{"line":8,"column":2},"end":{"line":8,"column":31}},"locations":[{"start":{"line":8,"column":2},"end":{"line":8,"column":31}}]},"3":{"type":"branch","line":8,"loc":{"start":{"line":8,"column":31},"end":{"line":10,"column":4}},"locations":[{"start":{"line":8,"column":31},"end":{"line":10,"column":4}}]},"4":{"type":"branch","line":10,"loc":{"start":{"line":10,"column":2},"end":{"line":12,"column":3}},"locations":[{"start":{"line":10,"column":2},"end":{"line":12,"column":3}}]},"5":{"type":"branch","line":12,"loc":{"start":{"line":12,"column":2},"end":{"line":14,"column":2}},"locations":[{"start":{"line":12,"column":2},"end":{"line":14,"column":2}}]}},"b":{"0":[4],"1":[1],"2":[3],"3":[1],"4":[2],"5":[0]},"fnMap":{"0":{"name":"formatData","decl":{"start":{"line":5,"column":19},"end":{"line":14,"column":2}},"loc":{"start":{"line":5,"column":19},"end":{"line":14,"column":2}},"line":5}},"f":{"0":4}}
,"/home/evgenskiy/livecodding/frontend-project-46/src/formatters/json.js": {"path":"/home/evgenskiy/livecodding/frontend-project-46/src/formatters/json.js","all":false,"statementMap":{"0":{"start":{"line":1,"column":0},"end":{"line":1,"column":56}},"1":{"start":{"line":2,"column":0},"end":{"line":2,"column":0}},"2":{"start":{"line":3,"column":0},"end":{"line":3,"column":20}}},"s":{"0":1,"1":1,"2":1},"branchMap":{"0":{"type":"branch","line":1,"loc":{"start":{"line":1,"column":14},"end":{"line":1,"column":55}},"locations":[{"start":{"line":1,"column":14},"end":{"line":1,"column":55}}]}},"b":{"0":[1]},"fnMap":{"0":{"name":"json","decl":{"start":{"line":1,"column":14},"end":{"line":1,"column":55}},"loc":{"start":{"line":1,"column":14},"end":{"line":1,"column":55}},"line":1}},"f":{"0":1}}
,"/home/evgenskiy/livecodding/frontend-project-46/src/formatters/plain.js": {"path":"/home/evgenskiy/livecodding/frontend-project-46/src/formatters/plain.js","all":false,"statementMap":{"0":{"start":{"line":1,"column":0},"end":{"line":1,"column":23}},"1":{"start":{"line":2,"column":0},"end":{"line":2,"column":0}},"2":{"start":{"line":3,"column":0},"end":{"line":3,"column":31}},"3":{"start":{"line":4,"column":0},"end":{"line":4,"column":26}},"4":{"start":{"line":5,"column":0},"end":{"line":5,"column":29}},"5":{"start":{"line":6,"column":0},"end":{"line":6,"column":36}},"6":{"start":{"line":7,"column":0},"end":{"line":7,"column":24}},"7":{"start":{"line":8,"column":0},"end":{"line":8,"column":3}},"8":{"start":{"line":9,"column":0},"end":{"line":9,"column":15}},"9":{"start":{"line":10,"column":0},"end":{"line":10,"column":2}},"10":{"start":{"line":11,"column":0},"end":{"line":11,"column":0}},"11":{"start":{"line":12,"column":0},"end":{"line":12,"column":25}},"12":{"start":{"line":13,"column":0},"end":{"line":13,"column":48}},"13":{"start":{"line":14,"column":0},"end":{"line":14,"column":11}},"14":{"start":{"line":15,"column":0},"end":{"line":15,"column":43}},"15":{"start":{"line":16,"column":0},"end":{"line":16,"column":13}},"16":{"start":{"line":17,"column":0},"end":{"line":17,"column":46}},"17":{"start":{"line":18,"column":0},"end":{"line":18,"column":43}},"18":{"start":{"line":19,"column":0},"end":{"line":19,"column":49}},"19":{"start":{"line":20,"column":0},"end":{"line":20,"column":19}},"20":{"start":{"line":21,"column":0},"end":{"line":21,"column":18}},"21":{"start":{"line":22,"column":0},"end":{"line":22,"column":85}},"22":{"start":{"line":23,"column":0},"end":{"line":23,"column":20}},"23":{"start":{"line":24,"column":0},"end":{"line":24,"column":89}},"24":{"start":{"line":25,"column":0},"end":{"line":25,"column":19}},"25":{"start":{"line":26,"column":0},"end":{"line":26,"column":87}},"26":{"start":{"line":27,"column":0},"end":{"line":27,"column":21}},"27":{"start":{"line":28,"column":0},"end":{"line":28,"column":61}},"28":{"start":{"line":29,"column":0},"end":{"line":29,"column":21}},"29":{"start":{"line":30,"column":0},"end":{"line":30,"column":105}},"30":{"start":{"line":31,"column":0},"end":{"line":31,"column":14}},"31":{"start":{"line":32,"column":0},"end":{"line":32,"column":18}},"32":{"start":{"line":33,"column":0},"end":{"line":33,"column":5}},"33":{"start":{"line":34,"column":0},"end":{"line":34,"column":4}},"34":{"start":{"line":35,"column":0},"end":{"line":35,"column":18}},"35":{"start":{"line":36,"column":0},"end":{"line":36,"column":2}},"36":{"start":{"line":37,"column":0},"end":{"line":37,"column":0}},"37":{"start":{"line":38,"column":0},"end":{"line":38,"column":21}}},"s":{"0":1,"1":1,"2":1,"3":38,"4":4,"5":38,"6":10,"7":10,"8":24,"9":24,"10":1,"11":1,"12":1,"13":19,"14":19,"15":19,"16":19,"17":19,"18":19,"19":19,"20":19,"21":1,"22":19,"23":4,"24":19,"25":5,"26":19,"27":2,"28":19,"29":4,"30":19,"31":3,"32":19,"33":1,"34":1,"35":1,"36":1,"37":1},"branchMap":{"0":{"type":"branch","line":3,"loc":{"start":{"line":3,"column":20},"end":{"line":10,"column":2}},"locations":[{"start":{"line":3,"column":20},"end":{"line":10,"column":2}}]},"1":{"type":"branch","line":4,"loc":{"start":{"line":4,"column":25},"end":{"line":6,"column":4}},"locations":[{"start":{"line":4,"column":25},"end":{"line":6,"column":4}}]},"2":{"type":"branch","line":6,"loc":{"start":{"line":6,"column":2},"end":{"line":6,"column":35}},"locations":[{"start":{"line":6,"column":2},"end":{"line":6,"column":35}}]},"3":{"type":"branch","line":6,"loc":{"start":{"line":6,"column":35},"end":{"line":8,"column":3}},"locations":[{"start":{"line":6,"column":35},"end":{"line":8,"column":3}}]},"4":{"type":"branch","line":8,"loc":{"start":{"line":8,"column":2},"end":{"line":10,"column":2}},"locations":[{"start":{"line":8,"column":2},"end":{"line":10,"column":2}}]},"5":{"type":"branch","line":12,"loc":{"start":{"line":12,"column":15},"end":{"line":36,"column":2}},"locations":[{"start":{"line":12,"column":15},"end":{"line":36,"column":2}}]},"6":{"type":"branch","line":13,"loc":{"start":{"line":13,"column":13},"end":{"line":34,"column":3}},"locations":[{"start":{"line":13,"column":13},"end":{"line":34,"column":3}}]},"7":{"type":"branch","line":21,"loc":{"start":{"line":21,"column":6},"end":{"line":22,"column":85}},"locations":[{"start":{"line":21,"column":6},"end":{"line":22,"column":85}}]},"8":{"type":"branch","line":23,"loc":{"start":{"line":23,"column":6},"end":{"line":24,"column":89}},"locations":[{"start":{"line":23,"column":6},"end":{"line":24,"column":89}}]},"9":{"type":"branch","line":25,"loc":{"start":{"line":25,"column":6},"end":{"line":26,"column":87}},"locations":[{"start":{"line":25,"column":6},"end":{"line":26,"column":87}}]},"10":{"type":"branch","line":27,"loc":{"start":{"line":27,"column":6},"end":{"line":28,"column":61}},"locations":[{"start":{"line":27,"column":6},"end":{"line":28,"column":61}}]},"11":{"type":"branch","line":29,"loc":{"start":{"line":29,"column":6},"end":{"line":30,"column":105}},"locations":[{"start":{"line":29,"column":6},"end":{"line":30,"column":105}}]},"12":{"type":"branch","line":31,"loc":{"start":{"line":31,"column":6},"end":{"line":32,"column":18}},"locations":[{"start":{"line":31,"column":6},"end":{"line":32,"column":18}}]},"13":{"type":"branch","line":22,"loc":{"start":{"line":22,"column":29},"end":{"line":22,"column":72}},"locations":[{"start":{"line":22,"column":29},"end":{"line":22,"column":72}}]},"14":{"type":"branch","line":24,"loc":{"start":{"line":24,"column":33},"end":{"line":24,"column":76}},"locations":[{"start":{"line":24,"column":33},"end":{"line":24,"column":76}}]}},"b":{"0":[38],"1":[4],"2":[34],"3":[10],"4":[24],"5":[1],"6":[19],"7":[1],"8":[4],"9":[5],"10":[2],"11":[4],"12":[3],"13":[4],"14":[14]},"fnMap":{"0":{"name":"printValue","decl":{"start":{"line":3,"column":20},"end":{"line":10,"column":2}},"loc":{"start":{"line":3,"column":20},"end":{"line":10,"column":2}},"line":3},"1":{"name":"plain","decl":{"start":{"line":12,"column":15},"end":{"line":36,"column":2}},"loc":{"start":{"line":12,"column":15},"end":{"line":36,"column":2}},"line":12},"2":{"name":"cb","decl":{"start":{"line":13,"column":13},"end":{"line":34,"column":3}},"loc":{"start":{"line":13,"column":13},"end":{"line":34,"column":3}},"line":13}},"f":{"0":38,"1":1,"2":19}}
,"/home/evgenskiy/livecodding/frontend-project-46/src/formatters/stylish.js": {"path":"/home/evgenskiy/livecodding/frontend-project-46/src/formatters/stylish.js","all":false,"statementMap":{"0":{"start":{"line":1,"column":0},"end":{"line":1,"column":23}},"1":{"start":{"line":2,"column":0},"end":{"line":2,"column":0}},"2":{"start":{"line":3,"column":0},"end":{"line":3,"column":20}},"3":{"start":{"line":4,"column":0},"end":{"line":4,"column":25}},"4":{"start":{"line":5,"column":0},"end":{"line":5,"column":0}},"5":{"start":{"line":6,"column":0},"end":{"line":6,"column":62}},"6":{"start":{"line":7,"column":0},"end":{"line":7,"column":27}},"7":{"start":{"line":8,"column":0},"end":{"line":8,"column":22}},"8":{"start":{"line":9,"column":0},"end":{"line":9,"column":3}},"9":{"start":{"line":10,"column":0},"end":{"line":10,"column":53}},"10":{"start":{"line":11,"column":0},"end":{"line":11,"column":49}},"11":{"start":{"line":12,"column":0},"end":{"line":12,"column":48}},"12":{"start":{"line":13,"column":0},"end":{"line":13,"column":217}},"13":{"start":{"line":14,"column":0},"end":{"line":14,"column":26}},"14":{"start":{"line":15,"column":0},"end":{"line":15,"column":14}},"15":{"start":{"line":16,"column":0},"end":{"line":16,"column":4}},"16":{"start":{"line":17,"column":0},"end":{"line":17,"column":89}},"17":{"start":{"line":18,"column":0},"end":{"line":18,"column":2}},"18":{"start":{"line":19,"column":0},"end":{"line":19,"column":0}},"19":{"start":{"line":20,"column":0},"end":{"line":20,"column":35}},"20":{"start":{"line":21,"column":0},"end":{"line":21,"column":31}},"21":{"start":{"line":22,"column":0},"end":{"line":22,"column":87}},"22":{"start":{"line":23,"column":0},"end":{"line":23,"column":3}},"23":{"start":{"line":24,"column":0},"end":{"line":24,"column":12}},"24":{"start":{"line":25,"column":0},"end":{"line":25,"column":2}},"25":{"start":{"line":26,"column":0},"end":{"line":26,"column":0}},"26":{"start":{"line":27,"column":0},"end":{"line":27,"column":27}},"27":{"start":{"line":28,"column":0},"end":{"line":28,"column":48}},"28":{"start":{"line":29,"column":0},"end":{"line":29,"column":11}},"29":{"start":{"line":30,"column":0},"end":{"line":30,"column":43}},"30":{"start":{"line":31,"column":0},"end":{"line":31,"column":13}},"31":{"start":{"line":32,"column":0},"end":{"line":32,"column":75}},"32":{"start":{"line":33,"column":0},"end":{"line":33,"column":81}},"33":{"start":{"line":34,"column":0},"end":{"line":34,"column":19}},"34":{"start":{"line":35,"column":0},"end":{"line":35,"column":18}},"35":{"start":{"line":36,"column":0},"end":{"line":36,"column":161}},"36":{"start":{"line":37,"column":0},"end":{"line":37,"column":20}},"37":{"start":{"line":38,"column":0},"end":{"line":38,"column":158}},"38":{"start":{"line":39,"column":0},"end":{"line":39,"column":21}},"39":{"start":{"line":40,"column":0},"end":{"line":40,"column":188}},"40":{"start":{"line":41,"column":0},"end":{"line":41,"column":19}},"41":{"start":{"line":42,"column":0},"end":{"line":42,"column":105}},"42":{"start":{"line":43,"column":0},"end":{"line":43,"column":21}},"43":{"start":{"line":44,"column":0},"end":{"line":44,"column":105}},"44":{"start":{"line":45,"column":0},"end":{"line":45,"column":14}},"45":{"start":{"line":46,"column":0},"end":{"line":46,"column":105}},"46":{"start":{"line":47,"column":0},"end":{"line":47,"column":5}},"47":{"start":{"line":48,"column":0},"end":{"line":48,"column":4}},"48":{"start":{"line":49,"column":0},"end":{"line":49,"column":18}},"49":{"start":{"line":50,"column":0},"end":{"line":50,"column":2}},"50":{"start":{"line":51,"column":0},"end":{"line":51,"column":0}},"51":{"start":{"line":52,"column":0},"end":{"line":52,"column":23}}},"s":{"0":1,"1":1,"2":1,"3":1,"4":1,"5":1,"6":76,"7":68,"8":68,"9":8,"10":14,"11":14,"12":18,"13":18,"14":14,"15":8,"16":8,"17":8,"18":1,"19":1,"20":36,"21":8,"22":8,"23":28,"24":28,"25":1,"26":1,"27":2,"28":38,"29":38,"30":38,"31":38,"32":38,"33":38,"34":38,"35":2,"36":38,"37":8,"38":38,"39":8,"40":38,"41":10,"42":38,"43":4,"44":38,"45":6,"46":38,"47":2,"48":2,"49":2,"50":1,"51":1},"branchMap":{"0":{"type":"branch","line":6,"loc":{"start":{"line":6,"column":18},"end":{"line":18,"column":2}},"locations":[{"start":{"line":6,"column":18},"end":{"line":18,"column":2}}]},"1":{"type":"branch","line":7,"loc":{"start":{"line":7,"column":26},"end":{"line":9,"column":3}},"locations":[{"start":{"line":7,"column":26},"end":{"line":9,"column":3}}]},"2":{"type":"branch","line":9,"loc":{"start":{"line":9,"column":2},"end":{"line":18,"column":2}},"locations":[{"start":{"line":9,"column":2},"end":{"line":18,"column":2}}]},"3":{"type":"branch","line":10,"loc":{"start":{"line":10,"column":13},"end":{"line":16,"column":3}},"locations":[{"start":{"line":10,"column":13},"end":{"line":16,"column":3}}]},"4":{"type":"branch","line":12,"loc":{"start":{"line":12,"column":26},"end":{"line":15,"column":5}},"locations":[{"start":{"line":12,"column":26},"end":{"line":15,"column":5}}]},"5":{"type":"branch","line":13,"loc":{"start":{"line":13,"column":44},"end":{"line":13,"column":94}},"locations":[{"start":{"line":13,"column":44},"end":{"line":13,"column":94}}]},"6":{"type":"branch","line":13,"loc":{"start":{"line":13,"column":94},"end":{"line":13,"column":216}},"locations":[{"start":{"line":13,"column":94},"end":{"line":13,"column":216}}]},"7":{"type":"branch","line":20,"loc":{"start":{"line":20,"column":17},"end":{"line":25,"column":2}},"locations":[{"start":{"line":20,"column":17},"end":{"line":25,"column":2}}]},"8":{"type":"branch","line":21,"loc":{"start":{"line":21,"column":30},"end":{"line":23,"column":3}},"locations":[{"start":{"line":21,"column":30},"end":{"line":23,"column":3}}]},"9":{"type":"branch","line":23,"loc":{"start":{"line":23,"column":2},"end":{"line":25,"column":2}},"locations":[{"start":{"line":23,"column":2},"end":{"line":25,"column":2}}]},"10":{"type":"branch","line":27,"loc":{"start":{"line":27,"column":17},"end":{"line":50,"column":2}},"locations":[{"start":{"line":27,"column":17},"end":{"line":50,"column":2}}]},"11":{"type":"branch","line":28,"loc":{"start":{"line":28,"column":13},"end":{"line":48,"column":3}},"locations":[{"start":{"line":28,"column":13},"end":{"line":48,"column":3}}]},"12":{"type":"branch","line":35,"loc":{"start":{"line":35,"column":6},"end":{"line":36,"column":161}},"locations":[{"start":{"line":35,"column":6},"end":{"line":36,"column":161}}]},"13":{"type":"branch","line":37,"loc":{"start":{"line":37,"column":6},"end":{"line":38,"column":158}},"locations":[{"start":{"line":37,"column":6},"end":{"line":38,"column":158}}]},"14":{"type":"branch","line":39,"loc":{"start":{"line":39,"column":6},"end":{"line":40,"column":188}},"locations":[{"start":{"line":39,"column":6},"end":{"line":40,"column":188}}]},"15":{"type":"branch","line":41,"loc":{"start":{"line":41,"column":6},"end":{"line":42,"column":105}},"locations":[{"start":{"line":41,"column":6},"end":{"line":42,"column":105}}]},"16":{"type":"branch","line":43,"loc":{"start":{"line":43,"column":6},"end":{"line":44,"column":105}},"locations":[{"start":{"line":43,"column":6},"end":{"line":44,"column":105}}]},"17":{"type":"branch","line":45,"loc":{"start":{"line":45,"column":6},"end":{"line":46,"column":105}},"locations":[{"start":{"line":45,"column":6},"end":{"line":46,"column":105}}]},"18":{"type":"branch","line":36,"loc":{"start":{"line":36,"column":44},"end":{"line":36,"column":99}},"locations":[{"start":{"line":36,"column":44},"end":{"line":36,"column":99}}]},"19":{"type":"branch","line":38,"loc":{"start":{"line":38,"column":41},"end":{"line":38,"column":96}},"locations":[{"start":{"line":38,"column":41},"end":{"line":38,"column":96}}]}},"b":{"0":[76],"1":[68],"2":[8],"3":[14],"4":[18],"5":[12],"6":[6],"7":[36],"8":[8],"9":[28],"10":[2],"11":[38],"12":[2],"13":[8],"14":[8],"15":[10],"16":[4],"17":[6],"18":[8],"19":[28]},"fnMap":{"0":{"name":"stringify","decl":{"start":{"line":6,"column":18},"end":{"line":18,"column":2}},"loc":{"start":{"line":6,"column":18},"end":{"line":18,"column":2}},"line":6},"1":{"name":"cb","decl":{"start":{"line":10,"column":13},"end":{"line":16,"column":3}},"loc":{"start":{"line":10,"column":13},"end":{"line":16,"column":3}},"line":10},"2":{"name":"makeLine","decl":{"start":{"line":20,"column":17},"end":{"line":25,"column":2}},"loc":{"start":{"line":20,"column":17},"end":{"line":25,"column":2}},"line":20},"3":{"name":"stylish","decl":{"start":{"line":27,"column":17},"end":{"line":50,"column":2}},"loc":{"start":{"line":27,"column":17},"end":{"line":50,"column":2}},"line":27},"4":{"name":"cb","decl":{"start":{"line":28,"column":13},"end":{"line":48,"column":3}},"loc":{"start":{"line":28,"column":13},"end":{"line":48,"column":3}},"line":28}},"f":{"0":76,"1":14,"2":36,"3":2,"4":38}}
}
