TN:
SF:src/compareFiles.js
FN:7,getData
FN:13,compareFiles
FNF:2
FNH:2
FNDA:8,getData
FNDA:4,compareFiles
DA:1,1
DA:2,1
DA:3,1
DA:4,1
DA:5,1
DA:6,1
DA:7,1
DA:8,8
DA:9,8
DA:10,8
DA:11,8
DA:12,1
DA:13,1
DA:14,4
DA:15,4
DA:16,4
DA:17,4
DA:18,4
DA:19,1
DA:20,1
LF:20
LH:20
BRDA:7,0,0,8
BRDA:13,1,0,4
BRF:2
BRH:2
end_of_record
TN:
SF:src/getFileFormat.js
FN:3,default
FNF:1
FNH:1
FNDA:8,default
DA:1,1
DA:2,1
DA:3,1
LF:3
LH:3
BRDA:3,0,0,8
BRF:1
BRH:1
end_of_record
TN:
SF:src/makeTree.js
FN:3,isValueObject
FN:10,makeNode
FN:19,makeTree
FN:38,buildTree
FNF:4
FNH:4
FNDA:72,isValueObject
FNDA:76,makeNode
FNDA:20,makeTree
FNDA:4,buildTree
DA:1,1
DA:2,1
DA:3,1
DA:4,72
DA:5,16
DA:6,16
DA:7,56
DA:8,56
DA:9,1
DA:10,1
DA:11,76
DA:12,56
DA:13,56
DA:14,56
DA:15,56
DA:16,20
DA:17,20
DA:18,1
DA:19,1
DA:20,72
DA:21,16
DA:22,16
DA:23,16
DA:24,16
DA:25,16
DA:26,16
DA:27,72
DA:28,12
DA:29,72
DA:30,72
DA:31,16
DA:32,72
DA:33,8
DA:34,8
DA:35,20
DA:36,1
DA:37,1
DA:38,1
DA:39,4
DA:40,4
DA:41,4
DA:42,4
DA:43,4
DA:44,4
DA:45,1
DA:46,1
LF:46
LH:46
BRDA:3,0,0,72
BRDA:4,1,0,24
BRDA:4,2,0,16
BRDA:6,3,0,56
BRDA:10,4,0,76
BRDA:11,5,0,60
BRDA:11,6,0,56
BRDA:15,7,0,20
BRDA:19,8,0,20
BRDA:19,9,0,72
BRDA:20,10,0,16
BRDA:26,11,0,56
BRDA:27,12,0,12
BRDA:29,13,0,44
BRDA:29,14,0,24
BRDA:30,15,0,16
BRDA:30,16,0,16
BRDA:32,17,0,28
BRDA:32,18,0,8
BRDA:34,19,0,20
BRDA:38,20,0,4
BRF:21
BRH:21
end_of_record
TN:
SF:src/parsers.js
FN:3,default
FNF:1
FNH:1
FNDA:8,default
DA:1,1
DA:2,1
DA:3,1
DA:4,8
DA:5,8
DA:6,6
DA:7,8
DA:8,2
DA:9,8
DA:10,0
DA:11,8
DA:12,0
DA:13,8
DA:14,8
LF:14
LH:12
BRDA:3,0,0,8
BRDA:5,1,0,6
BRDA:7,2,0,2
BRDA:9,3,0,0
BRDA:11,4,0,0
BRF:5
BRH:3
end_of_record
TN:
SF:src/readFile.js
FN:4,default
FNF:1
FNH:1
FNDA:8,default
DA:1,1
DA:2,1
DA:3,1
DA:4,1
DA:5,8
DA:6,8
DA:7,8
DA:8,8
LF:8
LH:8
BRDA:4,0,0,8
BRF:1
BRH:1
end_of_record
TN:
SF:src/formatters/index.js
FN:5,formatData
FNF:1
FNH:1
FNDA:4,formatData
DA:1,1
DA:2,1
DA:3,1
DA:4,1
DA:5,1
DA:6,4
DA:7,1
DA:8,4
DA:9,1
DA:10,4
DA:11,2
DA:12,2
DA:13,0
DA:14,0
DA:15,1
DA:16,1
LF:16
LH:14
BRDA:5,0,0,4
BRDA:6,1,0,1
BRDA:8,2,0,3
BRDA:8,3,0,1
BRDA:10,4,0,2
BRDA:12,5,0,0
BRF:6
BRH:5
end_of_record
TN:
SF:src/formatters/json.js
FN:1,json
FNF:1
FNH:1
FNDA:1,json
DA:1,1
DA:2,1
DA:3,1
LF:3
LH:3
BRDA:1,0,0,1
BRF:1
BRH:1
end_of_record
TN:
SF:src/formatters/plain.js
FN:3,printValue
FN:12,plain
FN:13,cb
FNF:3
FNH:3
FNDA:38,printValue
FNDA:1,plain
FNDA:19,cb
DA:1,1
DA:2,1
DA:3,1
DA:4,38
DA:5,4
DA:6,38
DA:7,10
DA:8,10
DA:9,24
DA:10,24
DA:11,1
DA:12,1
DA:13,1
DA:14,19
DA:15,19
DA:16,19
DA:17,19
DA:18,19
DA:19,19
DA:20,19
DA:21,19
DA:22,1
DA:23,19
DA:24,4
DA:25,19
DA:26,5
DA:27,19
DA:28,2
DA:29,19
DA:30,4
DA:31,19
DA:32,3
DA:33,19
DA:34,1
DA:35,1
DA:36,1
DA:37,1
DA:38,1
LF:38
LH:38
BRDA:3,0,0,38
BRDA:4,1,0,4
BRDA:6,2,0,34
BRDA:6,3,0,10
BRDA:8,4,0,24
BRDA:12,5,0,1
BRDA:13,6,0,19
BRDA:21,7,0,1
BRDA:23,8,0,4
BRDA:25,9,0,5
BRDA:27,10,0,2
BRDA:29,11,0,4
BRDA:31,12,0,3
BRDA:22,13,0,4
BRDA:24,14,0,14
BRF:15
BRH:15
end_of_record
TN:
SF:src/formatters/stylish.js
FN:6,stringify
FN:10,cb
FN:20,makeLine
FN:27,stylish
FN:28,cb
FNF:5
FNH:5
FNDA:76,stringify
FNDA:14,cb
FNDA:36,makeLine
FNDA:2,stylish
FNDA:38,cb
DA:1,1
DA:2,1
DA:3,1
DA:4,1
DA:5,1
DA:6,1
DA:7,76
DA:8,68
DA:9,68
DA:10,8
DA:11,14
DA:12,14
DA:13,18
DA:14,18
DA:15,14
DA:16,8
DA:17,8
DA:18,8
DA:19,1
DA:20,1
DA:21,36
DA:22,8
DA:23,8
DA:24,28
DA:25,28
DA:26,1
DA:27,1
DA:28,2
DA:29,38
DA:30,38
DA:31,38
DA:32,38
DA:33,38
DA:34,38
DA:35,38
DA:36,2
DA:37,38
DA:38,8
DA:39,38
DA:40,8
DA:41,38
DA:42,10
DA:43,38
DA:44,4
DA:45,38
DA:46,6
DA:47,38
DA:48,2
DA:49,2
DA:50,2
DA:51,1
DA:52,1
LF:52
LH:52
BRDA:6,0,0,76
BRDA:7,1,0,68
BRDA:9,2,0,8
BRDA:10,3,0,14
BRDA:12,4,0,18
BRDA:13,5,0,12
BRDA:13,6,0,6
BRDA:20,7,0,36
BRDA:21,8,0,8
BRDA:23,9,0,28
BRDA:27,10,0,2
BRDA:28,11,0,38
BRDA:35,12,0,2
BRDA:37,13,0,8
BRDA:39,14,0,8
BRDA:41,15,0,10
BRDA:43,16,0,4
BRDA:45,17,0,6
BRDA:36,18,0,8
BRDA:38,19,0,28
BRF:20
BRH:20
end_of_record
